IdUtilizador	Hora		Acontecimento	Descricao
============	========	=============	=========
0		20:20:27	1		"Servidor iniciado"
0		20:20:27	2		"Jogos carregados"
0		20:20:27	9		"Verificação da solução do primeiro tabuleiro"
0		20:20:27	1		"Servidor encerrado"
0		20:20:46	1		"Servidor iniciado"
0		20:20:46	2		"Jogos carregados"
0		20:20:46	9		"Verificação da solução do primeiro tabuleiro"
0		20:20:46	1		"Servidor encerrado"
0		20:25:12	1		"Servidor iniciado"
0		20:25:12	2		"Jogos carregados"
0		20:25:12	9		"Verificação da solução do primeiro tabuleiro"
0		20:25:12	1		"Servidor encerrado"
0		20:32:16	1		"Servidor iniciado"
0		20:32:16	2		"Jogos carregados"
0		20:32:16	9		"Verificação da solução do primeiro tabuleiro"
0		20:32:16	1		"Servidor encerrado"
0		20:36:11	1		"Servidor iniciado"
0		20:36:11	2		"Jogos carregados"
0		20:36:11	9		"Verificação da solução do primeiro tabuleiro"
0		20:36:11	1		"Servidor encerrado"
0		14:55:01	1		"Servidor iniciado"
0		14:55:01	2		"Jogos carregados"
0		14:55:01	9		"Verificação da solução do primeiro tabuleiro"
0		14:55:01	1		"Servidor encerrado"
0		16:14:42	1		"Servidor iniciado"
0		16:14:42	2		"Jogos carregados"
0		16:14:42	9		"Verificação da solução do primeiro tabuleiro"
0		16:14:42	1		"Servidor encerrado"
0		16:27:41	1		"Servidor iniciado"
0		16:27:41	2		"Jogos carregados"
0		16:27:41	9		"Verificação da solução do primeiro tabuleiro"
0		16:27:41	1		"Servidor encerrado"
0		16:28:38	1		"Servidor iniciado"
0		16:28:38	2		"Jogos carregados"
0		16:28:38	9		"Verificação da solução do primeiro tabuleiro"
0		16:28:38	1		"Servidor encerrado"
